<?xml version="1.0" encoding="UTF-8"?>
<!-- Generated by org.testng.reporters.JUnitReportReporter -->
<testsuite hostname="DESKTOP-MEGCP4U" name="CRBActions_IN_NC_main.CRBAuth_IN" tests="3" failures="0" timestamp="2 Sep 2021 07:42:37 GMT" time="43.280" errors="0">
  <testcase name="CRB_auth" time="22.234" classname="CRBActions_IN_NC_main.CRBAuth_IN"/>
  <testcase name="CRB_switch" time="5.385" classname="CRBActions_IN_NC_main.CRBAuth_IN"/>
  <testcase name="CRB_Wlcmpage" time="15.661" classname="CRBActions_IN_NC_main.CRBAuth_IN"/>
</testsuite> <!-- CRBActions_IN_NC_main.CRBAuth_IN -->
