<?xml version="1.0" encoding="UTF-8"?>
<!-- Generated by org.testng.reporters.JUnitReportReporter -->
<testsuite hostname="DESKTOP-MEGCP4U" name="CRBActions_GB_NC_Rej_main.SBRej_GB" tests="1" failures="0" timestamp="27 Aug 2021 13:34:06 GMT" time="42.041" errors="0">
  <testcase name="SB_rej" time="42.041" classname="CRBActions_GB_NC_Rej_main.SBRej_GB"/>
</testsuite> <!-- CRBActions_GB_NC_Rej_main.SBRej_GB -->
