<?xml version="1.0" encoding="UTF-8"?>
<!-- Generated by org.testng.reporters.JUnitReportReporter -->
<testsuite hostname="DESKTOP-MEGCP4U" name="CRBActions_GB_NC_main.CRBAuth_GB" tests="2" failures="0" timestamp="27 Aug 2021 10:03:42 GMT" time="77.152" errors="0">
  <testcase name="CRB_Wlcmpage" time="60.164" classname="CRBActions_GB_NC_main.CRBAuth_GB"/>
  <testcase name="CRB_auth" time="16.988" classname="CRBActions_GB_NC_main.CRBAuth_GB"/>
</testsuite> <!-- CRBActions_GB_NC_main.CRBAuth_GB -->
