<?xml version="1.0" encoding="UTF-8"?>
<!-- Generated by org.testng.reporters.JUnitReportReporter -->
<testsuite hostname="DESKTOP-MEGCP4U" name="CRBActionsAuth_IN_NC_Rej_main.SBRej_IN" tests="1" failures="0" timestamp="2 Sep 2021 11:46:15 GMT" time="84.248" errors="0">
  <testcase name="SB_auth" time="84.248" classname="CRBActionsAuth_IN_NC_Rej_main.SBRej_IN"/>
</testsuite> <!-- CRBActionsAuth_IN_NC_Rej_main.SBRej_IN -->
