<?xml version="1.0" encoding="UTF-8"?>
<!-- Generated by org.testng.reporters.JUnitReportReporter -->
<testsuite hostname="DESKTOP-MEGCP4U" name="CRBActions_IN_NC_main.CreateRequest_IN" tests="1" failures="0" timestamp="2 Sep 2021 07:00:21 GMT" time="126.393" errors="0">
  <testcase name="RIPC_Login" time="126.393" classname="CRBActions_IN_NC_main.CreateRequest_IN"/>
</testsuite> <!-- CRBActions_IN_NC_main.CreateRequest_IN -->
