<?xml version="1.0" encoding="UTF-8"?>
<!-- Generated by org.testng.reporters.JUnitReportReporter -->
<testsuite hostname="DESKTOP-MEGCP4U" name="CRBActions_GB_NC_main.SB_Auth_GB" tests="1" failures="0" timestamp="27 Aug 2021 09:36:21 GMT" time="35.237" errors="0">
  <testcase name="SB_auth" time="35.237" classname="CRBActions_GB_NC_main.SB_Auth_GB"/>
</testsuite> <!-- CRBActions_GB_NC_main.SB_Auth_GB -->
