<?xml version="1.0" encoding="UTF-8"?>
<!-- Generated by org.testng.reporters.JUnitReportReporter -->
<testsuite hostname="DESKTOP-MEGCP4U" name="CRBActions_IN_NC_main.ENCAuth_IN" tests="2" failures="0" timestamp="2 Sep 2021 07:13:45 GMT" time="33.585" errors="0">
  <testcase name="ENC_Wlcmpage" time="26.502" classname="CRBActions_IN_NC_main.ENCAuth_IN"/>
  <testcase name="ENC_auth" time="7.083" classname="CRBActions_IN_NC_main.ENCAuth_IN"/>
</testsuite> <!-- CRBActions_IN_NC_main.ENCAuth_IN -->
