<?xml version="1.0" encoding="UTF-8"?>
<!-- Generated by org.testng.reporters.JUnitReportReporter -->
<testsuite hostname="DESKTOP-MEGCP4U" name="CRBActionsAuth_IN_NC_Return_main.CreateRequest_IN" tests="1" failures="0" timestamp="2 Sep 2021 10:44:51 GMT" time="121.838" errors="0">
  <testcase name="RIPC_Login" time="121.838" classname="CRBActionsAuth_IN_NC_Return_main.CreateRequest_IN"/>
</testsuite> <!-- CRBActionsAuth_IN_NC_Return_main.CreateRequest_IN -->
