<?xml version="1.0" encoding="UTF-8"?>
<!-- Generated by org.testng.reporters.JUnitReportReporter -->
<testsuite hostname="DESKTOP-MEGCP4U" name="CRBActions_GB_NC_main.ENC_Auth_GB" tests="2" failures="0" timestamp="27 Aug 2021 08:35:55 GMT" time="76.218" errors="0">
  <testcase name="ENC_auth" time="6.831" classname="CRBActions_GB_NC_main.ENC_Auth_GB"/>
  <testcase name="ENC_Wlcmpage" time="69.387" classname="CRBActions_GB_NC_main.ENC_Auth_GB"/>
</testsuite> <!-- CRBActions_GB_NC_main.ENC_Auth_GB -->
