<?xml version="1.0" encoding="UTF-8"?>
<!-- Generated by org.testng.reporters.JUnitReportReporter -->
<testsuite hostname="DESKTOP-MEGCP4U" name="CRBActions_GB_NC_Rej_main.ENCRej_GB" tests="2" failures="0" timestamp="27 Aug 2021 12:05:01 GMT" time="87.607" errors="0">
  <testcase name="ENC_Wlcmpage" time="79.944" classname="CRBActions_GB_NC_Rej_main.ENCRej_GB"/>
  <testcase name="ENC_auth" time="7.663" classname="CRBActions_GB_NC_Rej_main.ENCRej_GB"/>
</testsuite> <!-- CRBActions_GB_NC_Rej_main.ENCRej_GB -->
