<?xml version="1.0" encoding="UTF-8"?>
<!-- Generated by org.testng.reporters.JUnitReportReporter -->
<testsuite hostname="DESKTOP-MEGCP4U" name="CRBActions_GB_NC_Rej_main.CreateRequest_GB" tests="10" failures="0" timestamp="27 Aug 2021 09:41:04 GMT" time="119.084" errors="0">
  <testcase name="select_Req" time="6.370" classname="CRBActions_GB_NC_Rej_main.CreateRequest_GB"/>
  <testcase name="RIPC_Login" time="61.076" classname="CRBActions_GB_NC_Rej_main.CreateRequest_GB"/>
  <testcase name="skill_Req" time="1.457" classname="CRBActions_GB_NC_Rej_main.CreateRequest_GB"/>
  <testcase name="skill_loc" time="8.399" classname="CRBActions_GB_NC_Rej_main.CreateRequest_GB"/>
  <testcase name="Create_Req" time="0.851" classname="CRBActions_GB_NC_Rej_main.CreateRequest_GB"/>
  <testcase name="select_jrss" time="3.815" classname="CRBActions_GB_NC_Rej_main.CreateRequest_GB"/>
  <testcase name="supp" time="18.433" classname="CRBActions_GB_NC_Rej_main.CreateRequest_GB"/>
  <testcase name="req_detail" time="10.695" classname="CRBActions_GB_NC_Rej_main.CreateRequest_GB"/>
  <testcase name="alert_check" time="0.016" classname="CRBActions_GB_NC_Rej_main.CreateRequest_GB"/>
  <testcase name="skill_price" time="7.972" classname="CRBActions_GB_NC_Rej_main.CreateRequest_GB"/>
</testsuite> <!-- CRBActions_GB_NC_Rej_main.CreateRequest_GB -->
