<?xml version="1.0" encoding="UTF-8"?>
<!-- Generated by org.testng.reporters.JUnitReportReporter -->
<testsuite hostname="DESKTOP-MEGCP4U" name="CRBActions_IN_NC_main.SBAuth_IN" tests="1" failures="0" timestamp="2 Sep 2021 07:21:54 GMT" time="100.670" errors="0">
  <testcase name="SB_auth" time="100.670" classname="CRBActions_IN_NC_main.SBAuth_IN"/>
</testsuite> <!-- CRBActions_IN_NC_main.SBAuth_IN -->
