<?xml version="1.0" encoding="UTF-8"?>
<!-- Generated by org.testng.reporters.JUnitReportReporter -->
<testsuite hostname="DESKTOP-MEGCP4U" name="CRBActionsAuth_IN_NC_Rej_main.ENCRej_IN" tests="2" failures="0" timestamp="2 Sep 2021 11:15:33 GMT" time="33.181" errors="0">
  <testcase name="ENC_auth" time="7.690" classname="CRBActionsAuth_IN_NC_Rej_main.ENCRej_IN"/>
  <testcase name="ENC_Wlcmpage" time="25.491" classname="CRBActionsAuth_IN_NC_Rej_main.ENCRej_IN"/>
</testsuite> <!-- CRBActionsAuth_IN_NC_Rej_main.ENCRej_IN -->
